<?xml version="1.0" encoding="UTF-8"?>
<testng-results skipped="0" failed="0" total="2" passed="2">
  <reporter-output>
  </reporter-output>
  <suite name="Suite" duration-ms="19021" started-at="2020-02-12T10:43:14Z" finished-at="2020-02-12T10:43:33Z">
    <groups>
      <group name="C">
        <method signature="Test_execution.tag()[pri:0, instance:test.Test_execution@57fffcd7]" name="tag" class="test.Test_execution"/>
        <method signature="Test_execution.tag()[pri:0, instance:test.Test_execution@5025a98f]" name="tag" class="test.Test_execution"/>
      </group> <!-- C -->
      <group name="D">
        <method signature="Test_execution.tag()[pri:0, instance:test.Test_execution@57fffcd7]" name="tag" class="test.Test_execution"/>
        <method signature="Test_execution.tag()[pri:0, instance:test.Test_execution@5025a98f]" name="tag" class="test.Test_execution"/>
      </group> <!-- D -->
    </groups>
    <test name="firefox_Test" duration-ms="18469" started-at="2020-02-12T10:43:14Z" finished-at="2020-02-12T10:43:32Z">
      <class name="test.Test_execution">
        <test-method status="PASS" signature="setup(java.lang.String)[pri:0, instance:test.Test_execution@57fffcd7]" name="setup" is-config="true" duration-ms="7302" started-at="2020-02-12T16:13:14Z" finished-at="2020-02-12T16:13:21Z">
          <params>
            <param index="0">
              <value>
                <![CDATA[firefox]]>
              </value>
            </param>
          </params>
          <reporter-output>
          </reporter-output>
        </test-method> <!-- setup -->
        <test-method status="PASS" signature="tag()[pri:0, instance:test.Test_execution@57fffcd7]" name="tag" duration-ms="11148" started-at="2020-02-12T16:13:21Z" finished-at="2020-02-12T16:13:32Z">
          <reporter-output>
          </reporter-output>
        </test-method> <!-- tag -->
      </class> <!-- test.Test_execution -->
    </test> <!-- firefox_Test -->
    <test name="chrome_Test" duration-ms="19021" started-at="2020-02-12T10:43:14Z" finished-at="2020-02-12T10:43:33Z">
      <class name="test.Test_execution">
        <test-method status="PASS" signature="setup(java.lang.String)[pri:0, instance:test.Test_execution@5025a98f]" name="setup" is-config="true" duration-ms="7346" started-at="2020-02-12T16:13:14Z" finished-at="2020-02-12T16:13:21Z">
          <params>
            <param index="0">
              <value>
                <![CDATA[chrome]]>
              </value>
            </param>
          </params>
          <reporter-output>
          </reporter-output>
        </test-method> <!-- setup -->
        <test-method status="PASS" signature="tag()[pri:0, instance:test.Test_execution@5025a98f]" name="tag" duration-ms="11673" started-at="2020-02-12T16:13:21Z" finished-at="2020-02-12T16:13:33Z">
          <reporter-output>
          </reporter-output>
        </test-method> <!-- tag -->
      </class> <!-- test.Test_execution -->
    </test> <!-- chrome_Test -->
  </suite> <!-- Suite -->
</testng-results>
