<?xml version="1.0" encoding="UTF-8"?>
<testng-results skipped="0" failed="0" total="1" passed="1">
  <reporter-output>
  </reporter-output>
  <suite name="Suite" duration-ms="57" started-at="2020-01-18T14:20:39Z" finished-at="2020-01-18T14:20:39Z">
    <groups>
    </groups>
    <test name="Test" duration-ms="57" started-at="2020-01-18T14:20:39Z" finished-at="2020-01-18T14:20:39Z">
      <class name="test.Print">
        <test-method status="PASS" signature="prt()[pri:0, instance:test.Print@3cda1055]" name="prt" duration-ms="14" started-at="2020-01-18T19:50:39Z" finished-at="2020-01-18T19:50:39Z">
          <reporter-output>
          </reporter-output>
        </test-method> <!-- prt -->
      </class> <!-- test.Print -->
    </test> <!-- Test -->
  </suite> <!-- Suite -->
</testng-results>
